#
# A fatal error has been detected by the Java Runtime Environment:
#
#  Internal Error (generateOopMap.cpp:2164), pid=1430, tid=14851
#  fatal error: Illegal class file encountered. Try running with -Xverify:all in method cardHasRank
#
# JRE version: OpenJDK Runtime Environment AdoptOpenJDK (11.0.10+9) (build 11.0.10+9)
# Java VM: OpenJDK 64-Bit Server VM AdoptOpenJDK (11.0.10+9, mixed mode, tiered, compressed oops, g1 gc, bsd-amd64)
# No core dump will be written. Core dumps have been disabled. To enable core dumping, try "ulimit -c unlimited" before starting Java again
#
# If you would like to submit a bug report, please visit:
#   https://github.com/AdoptOpenJDK/openjdk-support/issues
#

---------------  S U M M A R Y ------------

Command Line: -agentlib:jdwp=transport=dt_socket,address=127.0.0.1:50020,suspend=y,server=n -ea -Didea.test.cyclic.buffer.size=1048576 -javaagent:/Users/reneedevilliers/Library/Caches/JetBrains/IdeaIC2020.3/captureAgent/debugger-agent.jar -Dfile.encoding=UTF-8 com.intellij.rt.junit.JUnitStarter -ideVersion5 -junit4 CardTest,cardHasRank

Host: MacBookPro17,1 x86_64 2400 MHz, 8 cores, 8G, Darwin 20.3.0
Time: Sun Mar 21 20:36:57 2021 GMT elapsed time: 2189.867345 seconds (0d 0h 36m 29s)

---------------  T H R E A D  ---------------

Current thread (0x00007fa416841800):  VMThread "VM Thread" [stack: 0x0000000309ac6000,0x0000000309bc6000] [id=14851]

Stack: [0x0000000309ac6000,0x0000000309bc6000],  sp=0x0000000309bc4e50,  free space=1019k
Native frames: (J=compiled Java code, A=aot compiled Java code, j=interpreted, Vv=VM code, C=native code)
V  [libjvm.dylib+0x7b7ac3]  _ZN7VMError14report_and_dieEiPKcS1_P13__va_list_tagP6ThreadPhPvS7_S1_im+0x64f
V  [libjvm.dylib+0x7b81bf]  _ZN7VMError14report_and_dieEP6ThreadPvPKciS4_S4_P13__va_list_tag+0x47
V  [libjvm.dylib+0x27550c]  _Z12report_fatalPKciS0_z+0xb5
V  [libjvm.dylib+0x3613f2]  _ZN14GenerateOopMap10error_workEPKcP13__va_list_tag+0xea
V  [libjvm.dylib+0x35e2ae]  _ZN14GenerateOopMap12report_errorEPKcz+0x7c
V  [libjvm.dylib+0x36054c]  _ZN14GenerateOopMap6pploadEP13CellTypeStatei+0xf4
V  [libjvm.dylib+0x35ef7d]  _ZN14GenerateOopMap9interp_bbEP10BasicBlock+0xdb
V  [libjvm.dylib+0x35ec6e]  _ZN14GenerateOopMap10interp_allEv+0x3c
V  [libjvm.dylib+0x35e91b]  _ZN14GenerateOopMap17do_interpretationEv+0x4b
V  [libjvm.dylib+0x361222]  _ZN14GenerateOopMap11compute_mapEP6Thread+0x164
V  [libjvm.dylib+0x612bd9]  _ZN19OopMapForCacheEntry11compute_mapEP6Thread+0x51
V  [libjvm.dylib+0x6133c2]  _ZN16OopMapCacheEntry4fillERK12methodHandlei+0xac
V  [libjvm.dylib+0x613cdd]  _ZN11OopMapCache19compute_one_oop_mapERK12methodHandleiP17InterpreterOopMap+0x5d
V  [libjvm.dylib+0x5d5a4a]  _ZN6Method8mask_forEiP17InterpreterOopMap+0x7e
V  [libjvm.dylib+0x4de89d]  _ZN16VM_GetOrSetLocal4doitEv+0x45
V  [libjvm.dylib+0x7b9731]  _ZN12VM_Operation8evaluateEv+0xd5
V  [libjvm.dylib+0x7c1a11]  _ZN8VMThread18evaluate_operationEP12VM_Operation+0x139
V  [libjvm.dylib+0x7c13f8]  _ZN8VMThread4loopEv+0x106
V  [libjvm.dylib+0x7c1205]  _ZN8VMThread3runEv+0x6f
V  [libjvm.dylib+0x76d188]  _ZN6Thread8call_runEv+0x68
V  [libjvm.dylib+0x61c663]  _ZL19thread_native_entryP6Thread+0x139
C  [libsystem_pthread.dylib+0x6950]  _pthread_start+0xe0
C  [libsystem_pthread.dylib+0x247b]  thread_start+0xf

VM_Operation (0x000000030a5f0a60): GetOrSetLocal, mode: safepoint, requested by thread 0x00007fa3f7008800


---------------  P R O C E S S  ---------------

Threads class SMR info:
_java_thread_list=0x00007fa3e65045a0, length=12, elements={
0x00007fa417809000, 0x00007fa416842000, 0x00007fa41800d800, 0x00007fa416849800,
0x00007fa41683f800, 0x00007fa41684c800, 0x00007fa418014000, 0x00007fa417013800,
0x00007fa4168c7800, 0x00007fa3f7008800, 0x00007fa3e6838800, 0x00007fa3f6808800
}
_to_delete_list=0x00007fa3f64081d0, length=11, elements={
0x00007fa417809000, 0x00007fa416842000, 0x00007fa41800d800, 0x00007fa416849800,
0x00007fa41683f800, 0x00007fa41684c800, 0x00007fa418014000, 0x00007fa417013800,
0x00007fa4168c7800, 0x00007fa3f7008800, 0x00007fa3e6838800
}

Java Threads: ( => current thread )
  0x00007fa417809000 JavaThread "main" [_thread_blocked, id=7171, stack(0x00000003094b4000,0x00000003095b4000)]
  0x00007fa416842000 JavaThread "Reference Handler" daemon [_thread_blocked, id=16643, stack(0x0000000309bc9000,0x0000000309cc9000)]
  0x00007fa41800d800 JavaThread "Finalizer" daemon [_thread_blocked, id=21763, stack(0x0000000309ccc000,0x0000000309dcc000)]
  0x00007fa416849800 JavaThread "Signal Dispatcher" daemon [_thread_blocked, id=24067, stack(0x0000000309edf000,0x0000000309fdf000)]
  0x00007fa41683f800 JavaThread "Service Thread" daemon [_thread_blocked, id=24579, stack(0x0000000309fe2000,0x000000030a0e2000)]
  0x00007fa41684c800 JavaThread "C2 CompilerThread0" daemon [_thread_blocked, id=39939, stack(0x000000030a0e5000,0x000000030a1e5000)]
  0x00007fa418014000 JavaThread "C1 CompilerThread0" daemon [_thread_blocked, id=25091, stack(0x000000030a1e8000,0x000000030a2e8000)]
  0x00007fa417013800 JavaThread "Sweeper thread" daemon [_thread_blocked, id=25347, stack(0x000000030a2eb000,0x000000030a3eb000)]
  0x00007fa4168c7800 JavaThread "Common-Cleaner" daemon [_thread_blocked, id=25859, stack(0x000000030a3ee000,0x000000030a4ee000)]
  0x00007fa3f7008800 JavaThread "JDWP Transport Listener: dt_socket" daemon [_thread_blocked, id=37123, stack(0x000000030a4f1000,0x000000030a5f1000)] _threads_hazard_ptr=0x00007fa3e65045a0
  0x00007fa3e6838800 JavaThread "JDWP Event Helper Thread" daemon [_thread_blocked, id=36867, stack(0x000000030a5f4000,0x000000030a6f4000)]
  0x00007fa3f6808800 JavaThread "JDWP Command Reader" daemon [_thread_in_native, id=26883, stack(0x000000030a6f7000,0x000000030a7f7000)]

Other Threads:
=>0x00007fa416841800 VMThread "VM Thread" [stack: 0x0000000309ac6000,0x0000000309bc6000] [id=14851]
  0x00007fa4170c7800 WatcherThread [stack: 0x000000030a7fa000,0x000000030a8fa000] [id=28315]
  0x00007fa417818800 GCTaskThread "GC Thread#0" [stack: 0x00000003095b7000,0x00000003096b7000] [id=19203]
  0x00007fa417839000 ConcurrentGCThread "G1 Main Marker" [stack: 0x00000003096ba000,0x00000003097ba000] [id=18947]
  0x00007fa417839800 ConcurrentGCThread "G1 Conc#0" [stack: 0x00000003097bd000,0x00000003098bd000] [id=13571]
  0x00007fa41789a800 ConcurrentGCThread "G1 Refine#0" [stack: 0x00000003098c0000,0x00000003099c0000] [id=18435]
  0x00007fa41789b000 ConcurrentGCThread "G1 Young RemSet Sampling" [stack: 0x00000003099c3000,0x0000000309ac3000] [id=18179]

Threads with active compile tasks:

VM state:at safepoint (normal execution)

VM Mutex/Monitor currently owned by a thread:  ([mutex/lock_event])
[0x00007fa416419770] Threads_lock - owner thread: 0x00007fa416841800

Heap address: 0x0000000780000000, size: 2048 MB, Compressed Oops mode: Zero based, Oop shift amount: 3
Narrow klass base: 0x0000000800000000, Narrow klass shift: 0
Compressed class space size: 1073741824 Address: 0x0000000800000000

Heap:
 garbage-first heap   total 131072K, used 7168K [0x0000000780000000, 0x0000000800000000)
  region size 1024K, 8 young (8192K), 0 survivors (0K)
 Metaspace       used 8983K, capacity 9200K, committed 9472K, reserved 1058816K
  class space    used 850K, capacity 916K, committed 1024K, reserved 1048576K
Heap Regions: E=young(eden), S=young(survivor), O=old, HS=humongous(starts), HC=humongous(continues), CS=collection set, F=free, A=archive, TAMS=top-at-mark-start (previous, next)
|   0|0x0000000780000000, 0x0000000780000000, 0x0000000780100000|  0%| F|  |TAMS 0x0000000780000000, 0x0000000780000000| Untracked 
|   1|0x0000000780100000, 0x0000000780100000, 0x0000000780200000|  0%| F|  |TAMS 0x0000000780100000, 0x0000000780100000| Untracked 
|   2|0x0000000780200000, 0x0000000780200000, 0x0000000780300000|  0%| F|  |TAMS 0x0000000780200000, 0x0000000780200000| Untracked 
|   3|0x0000000780300000, 0x0000000780300000, 0x0000000780400000|  0%| F|  |TAMS 0x0000000780300000, 0x0000000780300000| Untracked 
|   4|0x0000000780400000, 0x0000000780400000, 0x0000000780500000|  0%| F|  |TAMS 0x0000000780400000, 0x0000000780400000| Untracked 
|   5|0x0000000780500000, 0x0000000780500000, 0x0000000780600000|  0%| F|  |TAMS 0x0000000780500000, 0x0000000780500000| Untracked 
|   6|0x0000000780600000, 0x0000000780600000, 0x0000000780700000|  0%| F|  |TAMS 0x0000000780600000, 0x0000000780600000| Untracked 
|   7|0x0000000780700000, 0x0000000780700000, 0x0000000780800000|  0%| F|  |TAMS 0x0000000780700000, 0x0000000780700000| Untracked 
|   8|0x0000000780800000, 0x0000000780800000, 0x0000000780900000|  0%| F|  |TAMS 0x0000000780800000, 0x0000000780800000| Untracked 
|   9|0x0000000780900000, 0x0000000780900000, 0x0000000780a00000|  0%| F|  |TAMS 0x0000000780900000, 0x0000000780900000| Untracked 
|  10|0x0000000780a00000, 0x0000000780a00000, 0x0000000780b00000|  0%| F|  |TAMS 0x0000000780a00000, 0x0000000780a00000| Untracked 
|  11|0x0000000780b00000, 0x0000000780b00000, 0x0000000780c00000|  0%| F|  |TAMS 0x0000000780b00000, 0x0000000780b00000| Untracked 
|  12|0x0000000780c00000, 0x0000000780c00000, 0x0000000780d00000|  0%| F|  |TAMS 0x0000000780c00000, 0x0000000780c00000| Untracked 
|  13|0x0000000780d00000, 0x0000000780d00000, 0x0000000780e00000|  0%| F|  |TAMS 0x0000000780d00000, 0x0000000780d00000| Untracked 
|  14|0x0000000780e00000, 0x0000000780e00000, 0x0000000780f00000|  0%| F|  |TAMS 0x0000000780e00000, 0x0000000780e00000| Untracked 
|  15|0x0000000780f00000, 0x0000000780f00000, 0x0000000781000000|  0%| F|  |TAMS 0x0000000780f00000, 0x0000000780f00000| Untracked 
|  16|0x0000000781000000, 0x0000000781000000, 0x0000000781100000|  0%| F|  |TAMS 0x0000000781000000, 0x0000000781000000| Untracked 
|  17|0x0000000781100000, 0x0000000781100000, 0x0000000781200000|  0%| F|  |TAMS 0x0000000781100000, 0x0000000781100000| Untracked 
|  18|0x0000000781200000, 0x0000000781200000, 0x0000000781300000|  0%| F|  |TAMS 0x0000000781200000, 0x0000000781200000| Untracked 
|  19|0x0000000781300000, 0x0000000781300000, 0x0000000781400000|  0%| F|  |TAMS 0x0000000781300000, 0x0000000781300000| Untracked 
|  20|0x0000000781400000, 0x0000000781400000, 0x0000000781500000|  0%| F|  |TAMS 0x0000000781400000, 0x0000000781400000| Untracked 
|  21|0x0000000781500000, 0x0000000781500000, 0x0000000781600000|  0%| F|  |TAMS 0x0000000781500000, 0x0000000781500000| Untracked 
|  22|0x0000000781600000, 0x0000000781600000, 0x0000000781700000|  0%| F|  |TAMS 0x0000000781600000, 0x0000000781600000| Untracked 
|  23|0x0000000781700000, 0x0000000781700000, 0x0000000781800000|  0%| F|  |TAMS 0x0000000781700000, 0x0000000781700000| Untracked 
|  24|0x0000000781800000, 0x0000000781800000, 0x0000000781900000|  0%| F|  |TAMS 0x0000000781800000, 0x0000000781800000| Untracked 
|  25|0x0000000781900000, 0x0000000781900000, 0x0000000781a00000|  0%| F|  |TAMS 0x0000000781900000, 0x0000000781900000| Untracked 
|  26|0x0000000781a00000, 0x0000000781a00000, 0x0000000781b00000|  0%| F|  |TAMS 0x0000000781a00000, 0x0000000781a00000| Untracked 
|  27|0x0000000781b00000, 0x0000000781b00000, 0x0000000781c00000|  0%| F|  |TAMS 0x0000000781b00000, 0x0000000781b00000| Untracked 
|  28|0x0000000781c00000, 0x0000000781c00000, 0x0000000781d00000|  0%| F|  |TAMS 0x0000000781c00000, 0x0000000781c00000| Untracked 
|  29|0x0000000781d00000, 0x0000000781d00000, 0x0000000781e00000|  0%| F|  |TAMS 0x0000000781d00000, 0x0000000781d00000| Untracked 
|  30|0x0000000781e00000, 0x0000000781e00000, 0x0000000781f00000|  0%| F|  |TAMS 0x0000000781e00000, 0x0000000781e00000| Untracked 
|  31|0x0000000781f00000, 0x0000000781f00000, 0x0000000782000000|  0%| F|  |TAMS 0x0000000781f00000, 0x0000000781f00000| Untracked 
|  32|0x0000000782000000, 0x0000000782000000, 0x0000000782100000|  0%| F|  |TAMS 0x0000000782000000, 0x0000000782000000| Untracked 
|  33|0x0000000782100000, 0x0000000782100000, 0x0000000782200000|  0%| F|  |TAMS 0x0000000782100000, 0x0000000782100000| Untracked 
|  34|0x0000000782200000, 0x0000000782200000, 0x0000000782300000|  0%| F|  |TAMS 0x0000000782200000, 0x0000000782200000| Untracked 
|  35|0x0000000782300000, 0x0000000782300000, 0x0000000782400000|  0%| F|  |TAMS 0x0000000782300000, 0x0000000782300000| Untracked 
|  36|0x0000000782400000, 0x0000000782400000, 0x0000000782500000|  0%| F|  |TAMS 0x0000000782400000, 0x0000000782400000| Untracked 
|  37|0x0000000782500000, 0x0000000782500000, 0x0000000782600000|  0%| F|  |TAMS 0x0000000782500000, 0x0000000782500000| Untracked 
|  38|0x0000000782600000, 0x0000000782600000, 0x0000000782700000|  0%| F|  |TAMS 0x0000000782600000, 0x0000000782600000| Untracked 
|  39|0x0000000782700000, 0x0000000782700000, 0x0000000782800000|  0%| F|  |TAMS 0x0000000782700000, 0x0000000782700000| Untracked 
|  40|0x0000000782800000, 0x0000000782800000, 0x0000000782900000|  0%| F|  |TAMS 0x0000000782800000, 0x0000000782800000| Untracked 
|  41|0x0000000782900000, 0x0000000782900000, 0x0000000782a00000|  0%| F|  |TAMS 0x0000000782900000, 0x0000000782900000| Untracked 
|  42|0x0000000782a00000, 0x0000000782a00000, 0x0000000782b00000|  0%| F|  |TAMS 0x0000000782a00000, 0x0000000782a00000| Untracked 
|  43|0x0000000782b00000, 0x0000000782b00000, 0x0000000782c00000|  0%| F|  |TAMS 0x0000000782b00000, 0x0000000782b00000| Untracked 
|  44|0x0000000782c00000, 0x0000000782c00000, 0x0000000782d00000|  0%| F|  |TAMS 0x0000000782c00000, 0x0000000782c00000| Untracked 
|  45|0x0000000782d00000, 0x0000000782d00000, 0x0000000782e00000|  0%| F|  |TAMS 0x0000000782d00000, 0x0000000782d00000| Untracked 
|  46|0x0000000782e00000, 0x0000000782e00000, 0x0000000782f00000|  0%| F|  |TAMS 0x0000000782e00000, 0x0000000782e00000| Untracked 
|  47|0x0000000782f00000, 0x0000000782f00000, 0x0000000783000000|  0%| F|  |TAMS 0x0000000782f00000, 0x0000000782f00000| Untracked 
|  48|0x0000000783000000, 0x0000000783000000, 0x0000000783100000|  0%| F|  |TAMS 0x0000000783000000, 0x0000000783000000| Untracked 
|  49|0x0000000783100000, 0x0000000783100000, 0x0000000783200000|  0%| F|  |TAMS 0x0000000783100000, 0x0000000783100000| Untracked 
|  50|0x0000000783200000, 0x0000000783200000, 0x0000000783300000|  0%| F|  |TAMS 0x0000000783200000, 0x0000000783200000| Untracked 
|  51|0x0000000783300000, 0x0000000783300000, 0x0000000783400000|  0%| F|  |TAMS 0x0000000783300000, 0x0000000783300000| Untracked 
|  52|0x0000000783400000, 0x0000000783400000, 0x0000000783500000|  0%| F|  |TAMS 0x0000000783400000, 0x0000000783400000| Untracked 
|  53|0x0000000783500000, 0x0000000783500000, 0x0000000783600000|  0%| F|  |TAMS 0x0000000783500000, 0x0000000783500000| Untracked 
|  54|0x0000000783600000, 0x0000000783600000, 0x0000000783700000|  0%| F|  |TAMS 0x0000000783600000, 0x0000000783600000| Untracked 
|  55|0x0000000783700000, 0x0000000783700000, 0x0000000783800000|  0%| F|  |TAMS 0x0000000783700000, 0x0000000783700000| Untracked 
|  56|0x0000000783800000, 0x0000000783800000, 0x0000000783900000|  0%| F|  |TAMS 0x0000000783800000, 0x0000000783800000| Untracked 
|  57|0x0000000783900000, 0x0000000783900000, 0x0000000783a00000|  0%| F|  |TAMS 0x0000000783900000, 0x0000000783900000| Untracked 
|  58|0x0000000783a00000, 0x0000000783a00000, 0x0000000783b00000|  0%| F|  |TAMS 0x0000000783a00000, 0x0000000783a00000| Untracked 
|  59|0x0000000783b00000, 0x0000000783b00000, 0x0000000783c00000|  0%| F|  |TAMS 0x0000000783b00000, 0x0000000783b00000| Untracked 
|  60|0x0000000783c00000, 0x0000000783c00000, 0x0000000783d00000|  0%| F|  |TAMS 0x0000000783c00000, 0x0000000783c00000| Untracked 
|  61|0x0000000783d00000, 0x0000000783d00000, 0x0000000783e00000|  0%| F|  |TAMS 0x0000000783d00000, 0x0000000783d00000| Untracked 
|  62|0x0000000783e00000, 0x0000000783e00000, 0x0000000783f00000|  0%| F|  |TAMS 0x0000000783e00000, 0x0000000783e00000| Untracked 
|  63|0x0000000783f00000, 0x0000000783f00000, 0x0000000784000000|  0%| F|  |TAMS 0x0000000783f00000, 0x0000000783f00000| Untracked 
|  64|0x0000000784000000, 0x0000000784000000, 0x0000000784100000|  0%| F|  |TAMS 0x0000000784000000, 0x0000000784000000| Untracked 
|  65|0x0000000784100000, 0x0000000784100000, 0x0000000784200000|  0%| F|  |TAMS 0x0000000784100000, 0x0000000784100000| Untracked 
|  66|0x0000000784200000, 0x0000000784200000, 0x0000000784300000|  0%| F|  |TAMS 0x0000000784200000, 0x0000000784200000| Untracked 
|  67|0x0000000784300000, 0x0000000784300000, 0x0000000784400000|  0%| F|  |TAMS 0x0000000784300000, 0x0000000784300000| Untracked 
|  68|0x0000000784400000, 0x0000000784400000, 0x0000000784500000|  0%| F|  |TAMS 0x0000000784400000, 0x0000000784400000| Untracked 
|  69|0x0000000784500000, 0x0000000784500000, 0x0000000784600000|  0%| F|  |TAMS 0x0000000784500000, 0x0000000784500000| Untracked 
|  70|0x0000000784600000, 0x0000000784600000, 0x0000000784700000|  0%| F|  |TAMS 0x0000000784600000, 0x0000000784600000| Untracked 
|  71|0x0000000784700000, 0x0000000784700000, 0x0000000784800000|  0%| F|  |TAMS 0x0000000784700000, 0x0000000784700000| Untracked 
|  72|0x0000000784800000, 0x0000000784800000, 0x0000000784900000|  0%| F|  |TAMS 0x0000000784800000, 0x0000000784800000| Untracked 
|  73|0x0000000784900000, 0x0000000784900000, 0x0000000784a00000|  0%| F|  |TAMS 0x0000000784900000, 0x0000000784900000| Untracked 
|  74|0x0000000784a00000, 0x0000000784a00000, 0x0000000784b00000|  0%| F|  |TAMS 0x0000000784a00000, 0x0000000784a00000| Untracked 
|  75|0x0000000784b00000, 0x0000000784b00000, 0x0000000784c00000|  0%| F|  |TAMS 0x0000000784b00000, 0x0000000784b00000| Untracked 
|  76|0x0000000784c00000, 0x0000000784c00000, 0x0000000784d00000|  0%| F|  |TAMS 0x0000000784c00000, 0x0000000784c00000| Untracked 
|  77|0x0000000784d00000, 0x0000000784d00000, 0x0000000784e00000|  0%| F|  |TAMS 0x0000000784d00000, 0x0000000784d00000| Untracked 
|  78|0x0000000784e00000, 0x0000000784e00000, 0x0000000784f00000|  0%| F|  |TAMS 0x0000000784e00000, 0x0000000784e00000| Untracked 
|  79|0x0000000784f00000, 0x0000000784f00000, 0x0000000785000000|  0%| F|  |TAMS 0x0000000784f00000, 0x0000000784f00000| Untracked 
|  80|0x0000000785000000, 0x0000000785000000, 0x0000000785100000|  0%| F|  |TAMS 0x0000000785000000, 0x0000000785000000| Untracked 
|  81|0x0000000785100000, 0x0000000785100000, 0x0000000785200000|  0%| F|  |TAMS 0x0000000785100000, 0x0000000785100000| Untracked 
|  82|0x0000000785200000, 0x0000000785200000, 0x0000000785300000|  0%| F|  |TAMS 0x0000000785200000, 0x0000000785200000| Untracked 
|  83|0x0000000785300000, 0x0000000785300000, 0x0000000785400000|  0%| F|  |TAMS 0x0000000785300000, 0x0000000785300000| Untracked 
|  84|0x0000000785400000, 0x0000000785400000, 0x0000000785500000|  0%| F|  |TAMS 0x0000000785400000, 0x0000000785400000| Untracked 
|  85|0x0000000785500000, 0x0000000785500000, 0x0000000785600000|  0%| F|  |TAMS 0x0000000785500000, 0x0000000785500000| Untracked 
|  86|0x0000000785600000, 0x0000000785600000, 0x0000000785700000|  0%| F|  |TAMS 0x0000000785600000, 0x0000000785600000| Untracked 
|  87|0x0000000785700000, 0x0000000785700000, 0x0000000785800000|  0%| F|  |TAMS 0x0000000785700000, 0x0000000785700000| Untracked 
|  88|0x0000000785800000, 0x0000000785800000, 0x0000000785900000|  0%| F|  |TAMS 0x0000000785800000, 0x0000000785800000| Untracked 
|  89|0x0000000785900000, 0x0000000785900000, 0x0000000785a00000|  0%| F|  |TAMS 0x0000000785900000, 0x0000000785900000| Untracked 
|  90|0x0000000785a00000, 0x0000000785a00000, 0x0000000785b00000|  0%| F|  |TAMS 0x0000000785a00000, 0x0000000785a00000| Untracked 
|  91|0x0000000785b00000, 0x0000000785b00000, 0x0000000785c00000|  0%| F|  |TAMS 0x0000000785b00000, 0x0000000785b00000| Untracked 
|  92|0x0000000785c00000, 0x0000000785c00000, 0x0000000785d00000|  0%| F|  |TAMS 0x0000000785c00000, 0x0000000785c00000| Untracked 
|  93|0x0000000785d00000, 0x0000000785d00000, 0x0000000785e00000|  0%| F|  |TAMS 0x0000000785d00000, 0x0000000785d00000| Untracked 
|  94|0x0000000785e00000, 0x0000000785e00000, 0x0000000785f00000|  0%| F|  |TAMS 0x0000000785e00000, 0x0000000785e00000| Untracked 
|  95|0x0000000785f00000, 0x0000000785f00000, 0x0000000786000000|  0%| F|  |TAMS 0x0000000785f00000, 0x0000000785f00000| Untracked 
|  96|0x0000000786000000, 0x0000000786000000, 0x0000000786100000|  0%| F|  |TAMS 0x0000000786000000, 0x0000000786000000| Untracked 
|  97|0x0000000786100000, 0x0000000786100000, 0x0000000786200000|  0%| F|  |TAMS 0x0000000786100000, 0x0000000786100000| Untracked 
|  98|0x0000000786200000, 0x0000000786200000, 0x0000000786300000|  0%| F|  |TAMS 0x0000000786200000, 0x0000000786200000| Untracked 
|  99|0x0000000786300000, 0x0000000786300000, 0x0000000786400000|  0%| F|  |TAMS 0x0000000786300000, 0x0000000786300000| Untracked 
| 100|0x0000000786400000, 0x0000000786400000, 0x0000000786500000|  0%| F|  |TAMS 0x0000000786400000, 0x0000000786400000| Untracked 
| 101|0x0000000786500000, 0x0000000786500000, 0x0000000786600000|  0%| F|  |TAMS 0x0000000786500000, 0x0000000786500000| Untracked 
| 102|0x0000000786600000, 0x0000000786600000, 0x0000000786700000|  0%| F|  |TAMS 0x0000000786600000, 0x0000000786600000| Untracked 
| 103|0x0000000786700000, 0x0000000786700000, 0x0000000786800000|  0%| F|  |TAMS 0x0000000786700000, 0x0000000786700000| Untracked 
| 104|0x0000000786800000, 0x0000000786800000, 0x0000000786900000|  0%| F|  |TAMS 0x0000000786800000, 0x0000000786800000| Untracked 
| 105|0x0000000786900000, 0x0000000786900000, 0x0000000786a00000|  0%| F|  |TAMS 0x0000000786900000, 0x0000000786900000| Untracked 
| 106|0x0000000786a00000, 0x0000000786a00000, 0x0000000786b00000|  0%| F|  |TAMS 0x0000000786a00000, 0x0000000786a00000| Untracked 
| 107|0x0000000786b00000, 0x0000000786b00000, 0x0000000786c00000|  0%| F|  |TAMS 0x0000000786b00000, 0x0000000786b00000| Untracked 
| 108|0x0000000786c00000, 0x0000000786c00000, 0x0000000786d00000|  0%| F|  |TAMS 0x0000000786c00000, 0x0000000786c00000| Untracked 
| 109|0x0000000786d00000, 0x0000000786d00000, 0x0000000786e00000|  0%| F|  |TAMS 0x0000000786d00000, 0x0000000786d00000| Untracked 
| 110|0x0000000786e00000, 0x0000000786e00000, 0x0000000786f00000|  0%| F|  |TAMS 0x0000000786e00000, 0x0000000786e00000| Untracked 
| 111|0x0000000786f00000, 0x0000000786f00000, 0x0000000787000000|  0%| F|  |TAMS 0x0000000786f00000, 0x0000000786f00000| Untracked 
| 112|0x0000000787000000, 0x0000000787000000, 0x0000000787100000|  0%| F|  |TAMS 0x0000000787000000, 0x0000000787000000| Untracked 
| 113|0x0000000787100000, 0x0000000787100000, 0x0000000787200000|  0%| F|  |TAMS 0x0000000787100000, 0x0000000787100000| Untracked 
| 114|0x0000000787200000, 0x0000000787200000, 0x0000000787300000|  0%| F|  |TAMS 0x0000000787200000, 0x0000000787200000| Untracked 
| 115|0x0000000787300000, 0x0000000787300000, 0x0000000787400000|  0%| F|  |TAMS 0x0000000787300000, 0x0000000787300000| Untracked 
| 116|0x0000000787400000, 0x0000000787400000, 0x0000000787500000|  0%| F|  |TAMS 0x0000000787400000, 0x0000000787400000| Untracked 
| 117|0x0000000787500000, 0x0000000787500000, 0x0000000787600000|  0%| F|  |TAMS 0x0000000787500000, 0x0000000787500000| Untracked 
| 118|0x0000000787600000, 0x0000000787600000, 0x0000000787700000|  0%| F|  |TAMS 0x0000000787600000, 0x0000000787600000| Untracked 
| 119|0x0000000787700000, 0x0000000787700000, 0x0000000787800000|  0%| F|  |TAMS 0x0000000787700000, 0x0000000787700000| Untracked 
| 120|0x0000000787800000, 0x00000007878fa390, 0x0000000787900000| 97%| E|  |TAMS 0x0000000787800000, 0x0000000787800000| Complete 
| 121|0x0000000787900000, 0x0000000787a00000, 0x0000000787a00000|100%| E|CS|TAMS 0x0000000787900000, 0x0000000787900000| Complete 
| 122|0x0000000787a00000, 0x0000000787b00000, 0x0000000787b00000|100%| E|CS|TAMS 0x0000000787a00000, 0x0000000787a00000| Complete 
| 123|0x0000000787b00000, 0x0000000787c00000, 0x0000000787c00000|100%| E|CS|TAMS 0x0000000787b00000, 0x0000000787b00000| Complete 
| 124|0x0000000787c00000, 0x0000000787d00000, 0x0000000787d00000|100%| E|CS|TAMS 0x0000000787c00000, 0x0000000787c00000| Complete 
| 125|0x0000000787d00000, 0x0000000787e00000, 0x0000000787e00000|100%| E|CS|TAMS 0x0000000787d00000, 0x0000000787d00000| Complete 
| 126|0x0000000787e00000, 0x0000000787f00000, 0x0000000787f00000|100%| E|CS|TAMS 0x0000000787e00000, 0x0000000787e00000| Complete 
| 127|0x0000000787f00000, 0x0000000788000000, 0x0000000788000000|100%| E|CS|TAMS 0x0000000787f00000, 0x0000000787f00000| Complete 

Card table byte_map: [0x0000000128d27000,0x0000000129127000] _byte_map_base: 0x0000000125127000

Marking Bits (Prev, Next): (CMBitMap*) 0x00007fa417830418, (CMBitMap*) 0x00007fa417830450
 Prev Bits: [0x0000000129527000, 0x000000012b527000)
 Next Bits: [0x000000012b527000, 0x000000012d527000)

Polling page: 0x00000001027fd000

Metaspace:

Usage:
  Non-class:      8.09 MB capacity,     7.94 MB ( 98%) used,   138.15 KB (  2%) free+waste,    12.06 KB ( <1%) overhead. 
      Class:    916.00 KB capacity,   850.20 KB ( 93%) used,    60.24 KB (  7%) free+waste,     5.56 KB ( <1%) overhead. 
       Both:      8.98 MB capacity,     8.77 MB ( 98%) used,   198.39 KB (  2%) free+waste,    17.62 KB ( <1%) overhead. 

Virtual space:
  Non-class space:       10.00 MB reserved,       8.25 MB ( 82%) committed 
      Class space:        1.00 GB reserved,       1.00 MB ( <1%) committed 
             Both:        1.01 GB reserved,       9.25 MB ( <1%) committed 

Chunk freelists:
   Non-Class:  44.00 KB
       Class:  12.00 KB
        Both:  56.00 KB

MaxMetaspaceSize: unlimited
CompressedClassSpaceSize: 1.00 GB

CodeHeap 'non-profiled nmethods': size=120032Kb used=186Kb max_used=186Kb free=119846Kb
 bounds [0x00000001213ef000, 0x000000012165f000, 0x0000000128927000]
CodeHeap 'profiled nmethods': size=120028Kb used=1156Kb max_used=1156Kb free=118871Kb
 bounds [0x0000000119eb8000, 0x000000011a128000, 0x00000001213ef000]
CodeHeap 'non-nmethods': size=5700Kb used=1110Kb max_used=1121Kb free=4589Kb
 bounds [0x0000000119927000, 0x0000000119b97000, 0x0000000119eb8000]
 total_blobs=987 nmethods=639 adapters=270
 compilation: enabled
              stopped_count=0, restarted_count=0
 full_count=0

Compilation events (20 events):
Event: 2.464 Thread 0x00007fa418014000  626   !   3       java.lang.invoke.MemberName::clone (14 bytes)
Event: 2.464 Thread 0x00007fa418014000 nmethod 626 0x0000000119fd2190 code [0x0000000119fd2380, 0x0000000119fd26f0]
Event: 2.464 Thread 0x00007fa418014000  627       3       java.lang.Integer::stringSize (47 bytes)
Event: 2.464 Thread 0x00007fa418014000 nmethod 627 0x0000000119fd2890 code [0x0000000119fd2a40, 0x0000000119fd2c70]
Event: 2.464 Thread 0x00007fa418014000  628       3       java.lang.Integer::getChars (131 bytes)
Event: 2.464 Thread 0x00007fa41684c800  630       4       java.util.ImmutableCollections$ListN::size (6 bytes)
Event: 2.464 Thread 0x00007fa418014000 nmethod 628 0x0000000119fd2d10 code [0x0000000119fd2f00, 0x0000000119fd3330]
Event: 2.465 Thread 0x00007fa41684c800 nmethod 630 0x000000012141d110 code [0x000000012141d2a0, 0x000000012141d338]
Event: 2.465 Thread 0x00007fa418014000  632       3       java.lang.invoke.MemberName::checkForTypeAlias (168 bytes)
Event: 2.466 Thread 0x00007fa418014000 nmethod 632 0x0000000119fd3610 code [0x0000000119fd3ae0, 0x0000000119fd5df0]
Event: 2.466 Thread 0x00007fa418014000  635       3       sun.invoke.util.BytecodeDescriptor::unparse (37 bytes)
Event: 2.467 Thread 0x00007fa418014000 nmethod 635 0x0000000119fd6910 code [0x0000000119fd6b40, 0x0000000119fd7250]
Event: 2.467 Thread 0x00007fa418014000  636       3       jdk.internal.org.objectweb.asm.MethodWriter::visitMethodInsn (228 bytes)
Event: 2.467 Thread 0x00007fa418014000 nmethod 636 0x0000000119fd7490 code [0x0000000119fd76c0, 0x0000000119fd7d00]
Event: 2.467 Thread 0x00007fa418014000  637       3       jdk.internal.org.objectweb.asm.ByteVector::enlarge (51 bytes)
Event: 2.467 Thread 0x00007fa418014000 nmethod 637 0x0000000119fd8010 code [0x0000000119fd81e0, 0x0000000119fd8500]
Event: 1147.110 Thread 0x00007fa418014000  638       3       java.lang.ref.SoftReference::<init> (13 bytes)
Event: 1147.111 Thread 0x00007fa418014000 nmethod 638 0x0000000119fd8610 code [0x0000000119fd87e0, 0x0000000119fd8af0]
Event: 1147.112 Thread 0x00007fa418014000  639       3       java.lang.invoke.DirectMethodHandle::internalMemberName (8 bytes)
Event: 1147.112 Thread 0x00007fa418014000 nmethod 639 0x0000000119fd8c10 code [0x0000000119fd8dc0, 0x0000000119fd8fb0]

GC Heap History (0 events):
No events

Deoptimization events (20 events):
Event: 1.010 Thread 0x00007fa417809000 DEOPT PACKING pc=0x0000000119ef8b12 sp=0x00000003095b1ce0
Event: 1.010 Thread 0x00007fa417809000 DEOPT UNPACKING pc=0x000000011995d72b sp=0x00000003095b1160 mode 0
Event: 1.020 Thread 0x00007fa417809000 DEOPT PACKING pc=0x0000000119efe6e6 sp=0x00000003095b2080
Event: 1.020 Thread 0x00007fa417809000 DEOPT UNPACKING pc=0x000000011995d72b sp=0x00000003095b1520 mode 0
Event: 1.110 Thread 0x00007fa417809000 Uncommon trap: trap_request=0xffffffc6 fr.pc=0x00000001213f8394 relative=0x0000000000000074
Event: 1.110 Thread 0x00007fa417809000 Uncommon trap: reason=bimorphic_or_optimized_type_check action=maybe_recompile pc=0x00000001213f8394 method=java.util.AbstractCollection.isEmpty()Z @ 1 c2
Event: 1.110 Thread 0x00007fa417809000 DEOPT PACKING pc=0x00000001213f8394 sp=0x00000003095b2fd0
Event: 1.110 Thread 0x00007fa417809000 DEOPT UNPACKING pc=0x000000011995d91f sp=0x00000003095b2f90 mode 2
Event: 2.405 Thread 0x00007fa417809000 Uncommon trap: trap_request=0xffffffc6 fr.pc=0x00000001213f8394 relative=0x0000000000000074
Event: 2.405 Thread 0x00007fa417809000 Uncommon trap: reason=bimorphic_or_optimized_type_check action=maybe_recompile pc=0x00000001213f8394 method=java.util.AbstractCollection.isEmpty()Z @ 1 c2
Event: 2.405 Thread 0x00007fa417809000 DEOPT PACKING pc=0x00000001213f8394 sp=0x00000003095b1230
Event: 2.405 Thread 0x00007fa417809000 DEOPT UNPACKING pc=0x000000011995d91f sp=0x00000003095b11f0 mode 2
Event: 2.405 Thread 0x00007fa417809000 Uncommon trap: trap_request=0xffffffc6 fr.pc=0x00000001213f8394 relative=0x0000000000000074
Event: 2.405 Thread 0x00007fa417809000 Uncommon trap: reason=bimorphic_or_optimized_type_check action=maybe_recompile pc=0x00000001213f8394 method=java.util.AbstractCollection.isEmpty()Z @ 1 c2
Event: 2.405 Thread 0x00007fa417809000 DEOPT PACKING pc=0x00000001213f8394 sp=0x00000003095b1400
Event: 2.405 Thread 0x00007fa417809000 DEOPT UNPACKING pc=0x000000011995d91f sp=0x00000003095b13c0 mode 2
Event: 2.410 Thread 0x00007fa417809000 Uncommon trap: trap_request=0xffffffc6 fr.pc=0x00000001213f8394 relative=0x0000000000000074
Event: 2.410 Thread 0x00007fa417809000 Uncommon trap: reason=bimorphic_or_optimized_type_check action=maybe_recompile pc=0x00000001213f8394 method=java.util.AbstractCollection.isEmpty()Z @ 1 c2
Event: 2.410 Thread 0x00007fa417809000 DEOPT PACKING pc=0x00000001213f8394 sp=0x00000003095b1230
Event: 2.410 Thread 0x00007fa417809000 DEOPT UNPACKING pc=0x000000011995d91f sp=0x00000003095b11f0 mode 2

Classes redefined (5 events):
Event: 353.600 Thread 0x00007fa416841800 redefined class name=CardTest, count=1
Event: 1146.196 Thread 0x00007fa416841800 redefined class name=Card, count=1
Event: 1146.198 Thread 0x00007fa416841800 redefined class name=CardTest, count=2
Event: 2093.968 Thread 0x00007fa416841800 redefined class name=CardTest, count=3
Event: 2147.299 Thread 0x00007fa416841800 redefined class name=CardTest, count=4

Internal exceptions (3 events):
Event: 0.801 Thread 0x00007fa417809000 Exception <a 'java/io/FileNotFoundException'{0x0000000787db0120}> (0x0000000787db0120) thrown at [./src/hotspot/share/prims/jni.cpp, line 615]
Event: 0.817 Thread 0x00007fa417809000 Exception <a 'java/lang/NoSuchMethodError'{0x0000000787c00ec8}: 'int java.lang.invoke.DirectMethodHandle$Holder.invokeSpecialIFC(java.lang.Object, java.lang.Object, int)'> (0x0000000787c00ec8) thrown at [./src/hotspot/share/interpreter/linkResolver.cpp, line 773]
Event: 2.444 Thread 0x00007fa417809000 Exception <a 'java/lang/NoSuchMethodError'{0x0000000787889ca8}: 'java.lang.Object java.lang.invoke.DirectMethodHandle$Holder.invokeStatic(java.lang.Object, java.lang.Object, java.lang.Object, java.lang.Object, java.lang.Object, java.lang.Object, java.lang.Object, java.lang.Object, java.lang.Object, java.lang.Object, java.lang.Object, java.lang.Object, java.lang.Object, java.lang.Object, java.lang.Object)'> (0x0000000787889ca8) thrown at [./src/hotspot/share/interpreter/linkResolver.cpp, line 773]

Events (20 events):
Event: 2147.581 Executing VM operation: GetOrSetLocal done
Event: 2152.480 Executing VM operation: ChangeBreakpoints
Event: 2152.480 Executing VM operation: ChangeBreakpoints done
Event: 2152.693 Executing VM operation: ChangeBreakpoints
Event: 2152.693 Executing VM operation: ChangeBreakpoints done
Event: 2154.221 Executing VM operation: ChangeBreakpoints
Event: 2154.221 Executing VM operation: ChangeBreakpoints done
Event: 2154.439 Executing VM operation: ChangeBreakpoints
Event: 2154.440 Executing VM operation: ChangeBreakpoints done
Event: 2155.022 Executing VM operation: ChangeBreakpoints
Event: 2155.022 Executing VM operation: ChangeBreakpoints done
Event: 2189.863 Executing VM operation: GetFrameCount
Event: 2189.863 Executing VM operation: GetFrameCount done
Event: 2189.864 Executing VM operation: GetFrameCount
Event: 2189.864 Executing VM operation: GetFrameCount done
Event: 2189.864 Executing VM operation: GetStackTrace
Event: 2189.864 Executing VM operation: GetStackTrace done
Event: 2189.865 Executing VM operation: GetFrameLocation
Event: 2189.865 Executing VM operation: GetFrameLocation done
Event: 2189.865 Executing VM operation: GetOrSetLocal


Dynamic libraries:
0x00007ffdffe57000 	/Library/Apple/usr/libexec/oah/runtime
0x00007fff35274000 	/System/Library/Frameworks/Cocoa.framework/Versions/A/Cocoa
0x00007fff2211c000 	/System/Library/Frameworks/Security.framework/Versions/A/Security
0x00007fff33471000 	/System/Library/Frameworks/ApplicationServices.framework/Versions/A/ApplicationServices
0x00007fff2a5c2000 	/usr/lib/libz.1.dylib
0x000000010aaa1000 	/Library/Java/JavaVirtualMachines/adoptopenjdk-11.jdk/Contents/Home/lib/jli/libjli.dylib
0x00007fff2a68e000 	/usr/lib/libSystem.B.dylib
0x00007fff22b43000 	/System/Library/Frameworks/AppKit.framework/Versions/C/AppKit
0x00007fff25a01000 	/System/Library/Frameworks/CoreData.framework/Versions/A/CoreData
0x00007fff2108f000 	/System/Library/Frameworks/Foundation.framework/Versions/C/Foundation
0x00007fff238a6000 	/System/Library/PrivateFrameworks/UIFoundation.framework/Versions/A/UIFoundation
0x00007fff2fe50000 	/System/Library/PrivateFrameworks/RemoteViewServices.framework/Versions/A/RemoteViewServices
0x00007fff28bdd000 	/System/Library/PrivateFrameworks/XCTTargetBootstrap.framework/Versions/A/XCTTargetBootstrap
0x00007fff2b92c000 	/usr/lib/libspindump.dylib
0x00007fff23afb000 	/System/Library/Frameworks/UniformTypeIdentifiers.framework/Versions/A/UniformTypeIdentifiers
0x00007fff273b3000 	/usr/lib/libapp_launch_measurement.dylib
0x00007fff273b6000 	/System/Library/PrivateFrameworks/CoreAutoLayout.framework/Versions/A/CoreAutoLayout
0x00007fff2853f000 	/System/Library/Frameworks/Metal.framework/Versions/A/Metal
0x00007fff29233000 	/usr/lib/liblangid.dylib
0x00007fff28be1000 	/System/Library/PrivateFrameworks/CoreSVG.framework/Versions/A/CoreSVG
0x00007fff24ae2000 	/System/Library/PrivateFrameworks/SkyLight.framework/Versions/A/SkyLight
0x00007fff24e49000 	/System/Library/Frameworks/CoreGraphics.framework/Versions/A/CoreGraphics
0x00007fff304a7000 	/System/Library/Frameworks/Accelerate.framework/Versions/A/Accelerate
0x00007fff2b367000 	/System/Library/PrivateFrameworks/IconServices.framework/Versions/A/IconServices
0x00007fff28524000 	/System/Library/Frameworks/IOSurface.framework/Versions/A/IOSurface
0x00007fff26393000 	/usr/lib/libDiagnosticMessagesClient.dylib
0x00007fff28bc9000 	/System/Library/PrivateFrameworks/DFRFoundation.framework/Versions/A/DFRFoundation
0x00007fff2246e000 	/usr/lib/libicucore.A.dylib
0x00007fff2ce71000 	/System/Library/Frameworks/AudioToolbox.framework/Versions/A/AudioToolbox
0x00007fff2c116000 	/System/Library/PrivateFrameworks/DataDetectorsCore.framework/Versions/A/DataDetectorsCore
0x00007fff288c9000 	/System/Library/Frameworks/Carbon.framework/Versions/A/Frameworks/HIToolbox.framework/Versions/A/HIToolbox
0x00007fff26e0e000 	/System/Library/Frameworks/QuartzCore.framework/Versions/A/QuartzCore
0x00007fff2fe8c000 	/System/Library/Frameworks/Carbon.framework/Versions/A/Frameworks/SpeechRecognition.framework/Versions/A/SpeechRecognition
0x00007fff2711b000 	/System/Library/PrivateFrameworks/CoreUI.framework/Versions/A/CoreUI
0x00007fff21a77000 	/System/Library/Frameworks/CoreAudio.framework/Versions/A/CoreAudio
0x00007fff2647e000 	/System/Library/Frameworks/DiskArbitration.framework/Versions/A/DiskArbitration
0x00007fff2bd26000 	/System/Library/PrivateFrameworks/MultitouchSupport.framework/Versions/A/MultitouchSupport
0x00007fff2c10d000 	/System/Library/PrivateFrameworks/InternationalSupport.framework/Versions/A/InternationalSupport
0x00007fff24a56000 	/usr/lib/libenergytrace.dylib
0x00007fff22a3c000 	/System/Library/Frameworks/IOKit.framework/Versions/A/IOKit
0x00007fff301d9000 	/System/Library/Frameworks/CoreServices.framework/Versions/A/CoreServices
0x00007fff27349000 	/System/Library/PrivateFrameworks/PerformanceAnalysis.framework/Versions/A/PerformanceAnalysis
0x00007fff6cb4f000 	/System/Library/Frameworks/OpenGL.framework/Versions/A/OpenGL
0x00007fff2c192000 	/System/Library/PrivateFrameworks/UserActivity.framework/Versions/A/UserActivity
0x00007fff201cc000 	/usr/lib/libobjc.A.dylib
0x00007fff25503000 	/System/Library/Frameworks/ColorSync.framework/Versions/A/ColorSync
0x00007fff203ad000 	/System/Library/Frameworks/CoreFoundation.framework/Versions/A/CoreFoundation
0x00007fff28e4a000 	/System/Library/Frameworks/CoreImage.framework/Versions/A/CoreImage
0x00007fff2188e000 	/System/Library/Frameworks/CoreText.framework/Versions/A/CoreText
0x00007fff28c0b000 	/System/Library/Frameworks/ImageIO.framework/Versions/A/ImageIO
0x00007fff2a694000 	/System/Library/PrivateFrameworks/SoftLinking.framework/Versions/A/SoftLinking
0x00007fff273ff000 	/usr/lib/libxml2.2.dylib
0x00007fff20292000 	/usr/lib/libc++.1.dylib
0x00007fff2a906000 	/usr/lib/libcompression.dylib
0x00007fff24a57000 	/usr/lib/libMobileGestalt.dylib
0x00007fff2c040000 	/System/Library/PrivateFrameworks/TextureIO.framework/Versions/A/TextureIO
0x00007fff2aff4000 	/usr/lib/libate.dylib
0x00007fff2a688000 	/usr/lib/system/libcache.dylib
0x00007fff2a644000 	/usr/lib/system/libcommonCrypto.dylib
0x00007fff2a66e000 	/usr/lib/system/libcompiler_rt.dylib
0x00007fff2a663000 	/usr/lib/system/libcopyfile.dylib
0x00007fff200ba000 	/usr/lib/system/libcorecrypto.dylib
0x00007fff20187000 	/usr/lib/system/libdispatch.dylib
0x00007fff2033c000 	/usr/lib/system/libdyld.dylib
0x00007fff2a67f000 	/usr/lib/system/libkeymgr.dylib
0x00007fff2dc23000 	/usr/lib/system/liblaunch.dylib
0x00007fff2a622000 	/usr/lib/system/libmacho.dylib
0x00007fff29e37000 	/usr/lib/system/libquarantine.dylib
0x00007fff2a67c000 	/usr/lib/system/libremovefile.dylib
0x00007fff24ab3000 	/usr/lib/system/libsystem_asl.dylib
0x00007fff2006a000 	/usr/lib/system/libsystem_blocks.dylib
0x00007fff20209000 	/usr/lib/system/libsystem_c.dylib
0x00007fff2a676000 	/usr/lib/system/libsystem_collections.dylib
0x00007fff29224000 	/usr/lib/system/libsystem_configuration.dylib
0x00007fff28513000 	/usr/lib/system/libsystem_containermanager.dylib
0x00007fff2a3ba000 	/usr/lib/system/libsystem_coreservices.dylib
0x00007fff226d0000 	/usr/lib/system/libsystem_darwin.dylib
0x00007fff2a680000 	/usr/lib/system/libsystem_dnssd.dylib
0x00007fff20206000 	/usr/lib/system/libsystem_featureflags.dylib
0x00007fff20381000 	/usr/lib/system/libsystem_info.dylib
0x00007fff2a5d5000 	/usr/lib/system/libsystem_m.dylib
0x00007fff2015a000 	/usr/lib/system/libsystem_malloc.dylib
0x00007fff24a47000 	/usr/lib/system/libsystem_networkextension.dylib
0x00007fff22aeb000 	/usr/lib/system/libsystem_notify.dylib
0x00007fff300d7000 	/usr/lib/system/libsystem_product_info_filter.dylib
0x00007fff29228000 	/usr/lib/system/libsystem_sandbox.dylib
0x00007fff2a679000 	/usr/lib/system/libsystem_secinit.dylib
0x00007fff20301000 	/usr/lib/system/libsystem_kernel.dylib
0x00007fff20377000 	/usr/lib/system/libsystem_platform.dylib
0x00007fff20330000 	/usr/lib/system/libsystem_pthread.dylib
0x00007fff261e1000 	/usr/lib/system/libsystem_symptoms.dylib
0x00007fff200a2000 	/usr/lib/system/libsystem_trace.dylib
0x00007fff2a650000 	/usr/lib/system/libunwind.dylib
0x00007fff2006c000 	/usr/lib/system/libxpc.dylib
0x00007fff202e8000 	/usr/lib/libc++abi.dylib
0x00007fff2a65b000 	/usr/lib/liboah.dylib
0x00007fff2ad1f000 	/usr/lib/liblzma.5.dylib
0x00007fff20da3000 	/System/Library/Frameworks/SystemConfiguration.framework/Versions/A/SystemConfiguration
0x00007fff2a690000 	/usr/lib/libfakelink.dylib
0x00007fff245a9000 	/System/Library/Frameworks/CFNetwork.framework/Versions/A/CFNetwork
0x00007fff2a7d0000 	/usr/lib/libarchive.2.dylib
0x00007fff20e21000 	/usr/lib/libCRFSuite.dylib
0x00007fff29e5e000 	/usr/lib/libbsm.0.dylib
0x00007fff23f65000 	/usr/lib/libnetwork.dylib
0x00007fff2a695000 	/usr/lib/libpcap.A.dylib
0x00007fff261da000 	/usr/lib/libdns_services.dylib
0x00007fff2ad38000 	/usr/lib/libcoretls_cfhelpers.dylib
0x00007fff2a8d4000 	/usr/lib/libapple_nghttp2.dylib
0x00007fff2a628000 	/usr/lib/system/libkxld.dylib
0x00007fff25e48000 	/usr/lib/libsqlite3.dylib
0x00007fff2a39c000 	/System/Library/PrivateFrameworks/AppleFSCompression.framework/Versions/A/AppleFSCompression
0x00007fff29e46000 	/usr/lib/libcoretls.dylib
0x00007fff2a901000 	/usr/lib/libpam.2.dylib
0x00007fff2ae35000 	/usr/lib/libxar.1.dylib
0x00007fff2922f000 	/System/Library/PrivateFrameworks/AppleSystemInfo.framework/Versions/A/AppleSystemInfo
0x00007fff29a89000 	/System/Library/PrivateFrameworks/IOMobileFramebuffer.framework/Versions/A/IOMobileFramebuffer
0x00007fff2a3ac000 	/usr/lib/libbz2.1.0.dylib
0x00007fff2a6cd000 	/usr/lib/libiconv.2.dylib
0x00007fff2a621000 	/usr/lib/libcharset.1.dylib
0x00007fff27385000 	/System/Library/Frameworks/CoreServices.framework/Versions/A/Frameworks/FSEvents.framework/Versions/A/FSEvents
0x00007fff226da000 	/System/Library/Frameworks/CoreServices.framework/Versions/A/Frameworks/CarbonCore.framework/Versions/A/CarbonCore
0x00007fff263e3000 	/System/Library/Frameworks/CoreServices.framework/Versions/A/Frameworks/Metadata.framework/Versions/A/Metadata
0x00007fff2a3bf000 	/System/Library/Frameworks/CoreServices.framework/Versions/A/Frameworks/OSServices.framework/Versions/A/OSServices
0x00007fff2a842000 	/System/Library/Frameworks/CoreServices.framework/Versions/A/Frameworks/SearchKit.framework/Versions/A/SearchKit
0x00007fff26164000 	/System/Library/Frameworks/CoreServices.framework/Versions/A/Frameworks/AE.framework/Versions/A/AE
0x00007fff20849000 	/System/Library/Frameworks/CoreServices.framework/Versions/A/Frameworks/LaunchServices.framework/Versions/A/LaunchServices
0x00007fff2acd0000 	/System/Library/Frameworks/CoreServices.framework/Versions/A/Frameworks/DictionaryServices.framework/Versions/A/DictionaryServices
0x00007fff2738e000 	/System/Library/Frameworks/CoreServices.framework/Versions/A/Frameworks/SharedFileList.framework/Versions/A/SharedFileList
0x00007fff29e3a000 	/usr/lib/libCheckFix.dylib
0x00007fff24aca000 	/System/Library/PrivateFrameworks/TCC.framework/Versions/A/TCC
0x00007fff29235000 	/System/Library/PrivateFrameworks/CoreNLP.framework/Versions/A/CoreNLP
0x00007fff26396000 	/System/Library/PrivateFrameworks/MetadataUtilities.framework/Versions/A/MetadataUtilities
0x00007fff20e57000 	/usr/lib/libmecabra.dylib
0x00007fff2a14e000 	/System/Library/Frameworks/MLCompute.framework/Versions/A/MLCompute
0x00007fff29e6f000 	/usr/lib/libmecab.dylib
0x00007fff29eb9000 	/usr/lib/libgermantok.dylib
0x00007fff2a8aa000 	/usr/lib/libThaiTokenizer.dylib
0x00007fff2ae70000 	/usr/lib/libChineseTokenizer.dylib
0x00007fff2a8ff000 	/System/Library/Frameworks/MetalPerformanceShaders.framework/Versions/A/MetalPerformanceShaders
0x00007fff26485000 	/System/Library/Frameworks/Accelerate.framework/Versions/A/Frameworks/vImage.framework/Versions/A/vImage
0x00007fff301b2000 	/System/Library/Frameworks/Accelerate.framework/Versions/A/Frameworks/vecLib.framework/Versions/A/vecLib
0x00007fff2ae7b000 	/System/Library/Frameworks/Accelerate.framework/Versions/A/Frameworks/vecLib.framework/Versions/A/libvMisc.dylib
0x00007fff298e5000 	/System/Library/Frameworks/Accelerate.framework/Versions/A/Frameworks/vecLib.framework/Versions/A/libvDSP.dylib
0x00007fff20b4d000 	/System/Library/Frameworks/Accelerate.framework/Versions/A/Frameworks/vecLib.framework/Versions/A/libBLAS.dylib
0x00007fff2a925000 	/System/Library/Frameworks/Accelerate.framework/Versions/A/Frameworks/vecLib.framework/Versions/A/libLAPACK.dylib
0x00007fff29ebf000 	/System/Library/Frameworks/Accelerate.framework/Versions/A/Frameworks/vecLib.framework/Versions/A/libLinearAlgebra.dylib
0x00007fff2a8ec000 	/System/Library/Frameworks/Accelerate.framework/Versions/A/Frameworks/vecLib.framework/Versions/A/libSparseBLAS.dylib
0x00007fff2a91f000 	/System/Library/Frameworks/Accelerate.framework/Versions/A/Frameworks/vecLib.framework/Versions/A/libQuadrature.dylib
0x00007fff292dd000 	/System/Library/Frameworks/Accelerate.framework/Versions/A/Frameworks/vecLib.framework/Versions/A/libBNNS.dylib
0x00007fff20d34000 	/System/Library/Frameworks/Accelerate.framework/Versions/A/Frameworks/vecLib.framework/Versions/A/libSparse.dylib
0x00007fff291c8000 	/System/Library/Frameworks/MetalPerformanceShaders.framework/Versions/A/Frameworks/MPSCore.framework/Versions/A/MPSCore
0x00007fff2a30b000 	/System/Library/Frameworks/MetalPerformanceShaders.framework/Versions/A/Frameworks/MPSImage.framework/Versions/A/MPSImage
0x00007fff29ed6000 	/System/Library/Frameworks/MetalPerformanceShaders.framework/Versions/A/Frameworks/MPSNeuralNetwork.framework/Versions/A/MPSNeuralNetwork
0x00007fff2a296000 	/System/Library/Frameworks/MetalPerformanceShaders.framework/Versions/A/Frameworks/MPSMatrix.framework/Versions/A/MPSMatrix
0x00007fff2a0fe000 	/System/Library/Frameworks/MetalPerformanceShaders.framework/Versions/A/Frameworks/MPSRayIntersector.framework/Versions/A/MPSRayIntersector
0x00007fff2a2cd000 	/System/Library/Frameworks/MetalPerformanceShaders.framework/Versions/A/Frameworks/MPSNDArray.framework/Versions/A/MPSNDArray
0x00007fff20a79000 	/System/Library/PrivateFrameworks/MetalTools.framework/Versions/A/MetalTools
0x00007fff2922d000 	/System/Library/PrivateFrameworks/AggregateDictionary.framework/Versions/A/AggregateDictionary
0x00007fff2636e000 	/System/Library/PrivateFrameworks/CoreAnalytics.framework/Versions/A/CoreAnalytics
0x00007fff2a8ac000 	/System/Library/PrivateFrameworks/AppleSauce.framework/Versions/A/AppleSauce
0x00007fff28536000 	/System/Library/PrivateFrameworks/IOAccelerator.framework/Versions/A/IOAccelerator
0x00007fff6cb43000 	/System/Library/Frameworks/OpenGL.framework/Versions/A/Libraries/libCoreFSCache.dylib
0x00007fff213f3000 	/System/Library/PrivateFrameworks/LanguageModeling.framework/Versions/A/LanguageModeling
0x00007fff29a76000 	/System/Library/PrivateFrameworks/CoreEmoji.framework/Versions/A/CoreEmoji
0x00007fff292d6000 	/System/Library/PrivateFrameworks/LinguisticData.framework/Versions/A/LinguisticData
0x00007fff20ce6000 	/System/Library/PrivateFrameworks/Lexicon.framework/Versions/A/Lexicon
0x00007fff2a7be000 	/usr/lib/libcmph.dylib
0x00007fff27365000 	/System/Library/Frameworks/OpenDirectory.framework/Versions/A/Frameworks/CFOpenDirectory.framework/Versions/A/CFOpenDirectory
0x00007fff27355000 	/System/Library/Frameworks/OpenDirectory.framework/Versions/A/OpenDirectory
0x00007fff2ad3a000 	/System/Library/PrivateFrameworks/APFS.framework/Versions/A/APFS
0x00007fff29d9b000 	/System/Library/Frameworks/SecurityFoundation.framework/Versions/A/SecurityFoundation
0x00007fff2ae43000 	/usr/lib/libutil.dylib
0x00007fff22a01000 	/System/Library/PrivateFrameworks/CoreServicesStore.framework/Versions/A/CoreServicesStore
0x00007fff29e32000 	/System/Library/Frameworks/ServiceManagement.framework/Versions/A/ServiceManagement
0x00007fff2ae47000 	/usr/lib/libxslt.1.dylib
0x00007fff29e28000 	/System/Library/PrivateFrameworks/BackgroundTaskManagement.framework/Versions/A/BackgroundTaskManagement
0x00007fff2bf8b000 	/System/Library/Frameworks/ImageIO.framework/Versions/A/Resources/libRadiance.dylib
0x00007fff2bf94000 	/System/Library/Frameworks/ImageIO.framework/Versions/A/Resources/libJPEG.dylib
0x00007fff2bee0000 	/System/Library/Frameworks/ImageIO.framework/Versions/A/Resources/libPng.dylib
0x00007fff2bf07000 	/System/Library/Frameworks/ImageIO.framework/Versions/A/Resources/libTIFF.dylib
0x00007fff2bfe9000 	/System/Library/Frameworks/ImageIO.framework/Versions/A/Resources/libGIF.dylib
0x00007fff2bc44000 	/System/Library/Frameworks/ImageIO.framework/Versions/A/Resources/libJP2.dylib
0x00007fff2b32e000 	/usr/lib/libexpat.1.dylib
0x00007fff2bbf9000 	/System/Library/PrivateFrameworks/AppleJPEG.framework/Versions/A/AppleJPEG
0x00007fff2876c000 	/System/Library/PrivateFrameworks/FontServices.framework/libFontParser.dylib
0x00007fff26118000 	/System/Library/PrivateFrameworks/RunningBoardServices.framework/Versions/A/RunningBoardServices
0x00007fff2bd22000 	/System/Library/PrivateFrameworks/WatchdogClient.framework/Versions/A/WatchdogClient
0x00007fff214e0000 	/System/Library/Frameworks/CoreDisplay.framework/Versions/A/CoreDisplay
0x00007fff28682000 	/System/Library/Frameworks/CoreMedia.framework/Versions/A/CoreMedia
0x00007fff274e2000 	/System/Library/Frameworks/CoreVideo.framework/Versions/A/CoreVideo
0x00007fff2bd5a000 	/System/Library/Frameworks/VideoToolbox.framework/Versions/A/VideoToolbox
0x00007fff26096000 	/System/Library/PrivateFrameworks/BaseBoard.framework/Versions/A/BaseBoard
0x00007fff2b473000 	/System/Library/PrivateFrameworks/PersistentConnection.framework/Versions/A/PersistentConnection
0x00007fff25e31000 	/System/Library/PrivateFrameworks/ProtocolBuffer.framework/Versions/A/ProtocolBuffer
0x00007fff2607d000 	/System/Library/PrivateFrameworks/CommonUtilities.framework/Versions/A/CommonUtilities
0x00007fff2bb8e000 	/System/Library/PrivateFrameworks/Bom.framework/Versions/A/Bom
0x00007fff2bf84000 	/System/Library/PrivateFrameworks/GPUWrangler.framework/Versions/A/GPUWrangler
0x00007fff2bf67000 	/System/Library/PrivateFrameworks/IOPresentment.framework/Versions/A/IOPresentment
0x00007fff2bf8e000 	/System/Library/PrivateFrameworks/DSExternalDisplay.framework/Versions/A/DSExternalDisplay
0x00007fff2bfee000 	/System/Library/PrivateFrameworks/CMCaptureCore.framework/Versions/A/CMCaptureCore
0x00007fff2b913000 	/System/Library/PrivateFrameworks/AppServerSupport.framework/Versions/A/AppServerSupport
0x00007fff2d9c2000 	/System/Library/PrivateFrameworks/perfdata.framework/Versions/A/perfdata
0x00007fff29d8a000 	/System/Library/PrivateFrameworks/AssertionServices.framework/Versions/A/AssertionServices
0x00007fff21617000 	/System/Library/PrivateFrameworks/AudioToolboxCore.framework/Versions/A/AudioToolboxCore
0x00007fff28665000 	/System/Library/PrivateFrameworks/caulk.framework/Versions/A/caulk
0x00007fff3d66d000 	/System/Library/PrivateFrameworks/SystemPolicy.framework/Versions/A/SystemPolicy
0x00007fff2b123000 	/usr/lib/libIOReport.dylib
0x00007fff2d1e4000 	/usr/lib/libSMC.dylib
0x00007fff2bead000 	/usr/lib/libAudioToolboxUtility.dylib
0x00007fff3dfd7000 	/usr/lib/libmis.dylib
0x00007fff6cb9f000 	/System/Library/Frameworks/OpenGL.framework/Versions/A/Libraries/libGLU.dylib
0x00007fff6cb62000 	/System/Library/Frameworks/OpenGL.framework/Versions/A/Libraries/libGFXShared.dylib
0x00007fff6cd71000 	/System/Library/Frameworks/OpenGL.framework/Versions/A/Libraries/libGL.dylib
0x00007fff6cb6b000 	/System/Library/Frameworks/OpenGL.framework/Versions/A/Libraries/libGLImage.dylib
0x00007fff6cb5f000 	/System/Library/Frameworks/OpenGL.framework/Versions/A/Libraries/libCVMSPluginSupport.dylib
0x00007fff6cb4a000 	/System/Library/Frameworks/OpenGL.framework/Versions/A/Libraries/libCoreVMClient.dylib
0x00007fff6e1b2000 	/System/Library/Frameworks/OpenCL.framework/Versions/A/OpenCL
0x00007fff2b49d000 	/System/Library/PrivateFrameworks/GraphVisualizer.framework/Versions/A/GraphVisualizer
0x00007fff2b4ac000 	/System/Library/PrivateFrameworks/FaceCore.framework/Versions/A/FaceCore
0x00007fff2b8c8000 	/System/Library/PrivateFrameworks/OTSVG.framework/Versions/A/OTSVG
0x00007fff270d9000 	/System/Library/Frameworks/ApplicationServices.framework/Versions/A/Frameworks/ATS.framework/Versions/A/Resources/libFontRegistry.dylib
0x00007fff2b91a000 	/System/Library/PrivateFrameworks/FontServices.framework/libhvf.dylib
0x00007fff2b2da000 	/System/Library/PrivateFrameworks/AppleVA.framework/Versions/A/AppleVA
0x00007fff2d02d000 	/System/Library/Frameworks/ApplicationServices.framework/Versions/A/Frameworks/ATS.framework/Versions/A/ATS
0x00007fff2d33f000 	/System/Library/Frameworks/ApplicationServices.framework/Versions/A/Frameworks/ColorSyncLegacy.framework/Versions/A/ColorSyncLegacy
0x00007fff255fa000 	/System/Library/Frameworks/ApplicationServices.framework/Versions/A/Frameworks/HIServices.framework/Versions/A/HIServices
0x00007fff2d324000 	/System/Library/Frameworks/ApplicationServices.framework/Versions/A/Frameworks/LangAnalysis.framework/Versions/A/LangAnalysis
0x00007fff2bff8000 	/System/Library/Frameworks/ApplicationServices.framework/Versions/A/Frameworks/PrintCore.framework/Versions/A/PrintCore
0x00007fff2d347000 	/System/Library/Frameworks/ApplicationServices.framework/Versions/A/Frameworks/QD.framework/Versions/A/QD
0x00007fff2d01d000 	/System/Library/Frameworks/ApplicationServices.framework/Versions/A/Frameworks/SpeechSynthesis.framework/Versions/A/SpeechSynthesis
0x00007fff2bfb9000 	/System/Library/Frameworks/ApplicationServices.framework/Versions/A/Frameworks/ATSUI.framework/Versions/A/ATSUI
0x00007fff2d2c4000 	/usr/lib/libcups.2.dylib
0x00007fff2d334000 	/System/Library/PrivateFrameworks/NetAuth.framework/Versions/A/NetAuth
0x00007fff2d9de000 	/System/Library/Frameworks/Kerberos.framework/Versions/A/Kerberos
0x00007fff2d9ee000 	/System/Library/Frameworks/GSS.framework/Versions/A/GSS
0x00007fff2d099000 	/usr/lib/libresolv.9.dylib
0x00007fff2b92f000 	/System/Library/PrivateFrameworks/Heimdal.framework/Versions/A/Heimdal
0x00007fff33772000 	/System/Library/Frameworks/Kerberos.framework/Versions/A/Libraries/libHeimdalProxy.dylib
0x00007fff261e9000 	/System/Library/Frameworks/Network.framework/Versions/A/Network
0x00007fff2b348000 	/usr/lib/libheimdal-asn1.dylib
0x00007fff2da3e000 	/System/Library/PrivateFrameworks/CommonAuth.framework/Versions/A/CommonAuth
0x00007fff2752f000 	/System/Library/PrivateFrameworks/login.framework/Versions/A/Frameworks/loginsupport.framework/Versions/A/loginsupport
0x00007fff2cfa2000 	/System/Library/PrivateFrameworks/AudioSession.framework/Versions/A/AudioSession
0x00007fff2d00a000 	/usr/lib/libAudioStatistics.dylib
0x00007fff2b3d5000 	/System/Library/PrivateFrameworks/MediaExperience.framework/Versions/A/MediaExperience
0x00007fff2ce3f000 	/System/Library/PrivateFrameworks/AudioSession.framework/libSessionUtility.dylib
0x00007fff2d9cf000 	/usr/lib/libperfcheck.dylib
0x00007fff2d353000 	/System/Library/PrivateFrameworks/AudioResourceArbitration.framework/Versions/A/AudioResourceArbitration
0x00007fff2b352000 	/System/Library/PrivateFrameworks/IconFoundation.framework/Versions/A/IconFoundation
0x00007fff2fe7c000 	/System/Library/PrivateFrameworks/SpeechRecognitionCore.framework/Versions/A/SpeechRecognitionCore
0x000000010f000000 	/Library/Java/JavaVirtualMachines/adoptopenjdk-11.jdk/Contents/Home/lib/server/libjvm.dylib
0x000000010ab0e000 	/Library/Java/JavaVirtualMachines/adoptopenjdk-11.jdk/Contents/Home/lib/libverify.dylib
0x000000010ab88000 	/Library/Java/JavaVirtualMachines/adoptopenjdk-11.jdk/Contents/Home/lib/libjava.dylib
0x000000010abee000 	/Library/Java/JavaVirtualMachines/adoptopenjdk-11.jdk/Contents/Home/lib/libjimage.dylib
0x000000010ac08000 	/Library/Java/JavaVirtualMachines/adoptopenjdk-11.jdk/Contents/Home/lib/libjdwp.dylib
0x000000010aca7000 	/Library/Java/JavaVirtualMachines/adoptopenjdk-11.jdk/Contents/Home/lib/libinstrument.dylib
0x000000010ad0b000 	/Library/Java/JavaVirtualMachines/adoptopenjdk-11.jdk/Contents/Home/lib/libzip.dylib
0x0000000131a93000 	/Library/Java/JavaVirtualMachines/adoptopenjdk-11.jdk/Contents/Home/lib/libdt_socket.dylib
0x0000000131ac9000 	/Library/Java/JavaVirtualMachines/adoptopenjdk-11.jdk/Contents/Home/lib/libnio.dylib
0x0000000131af5000 	/Library/Java/JavaVirtualMachines/adoptopenjdk-11.jdk/Contents/Home/lib/libnet.dylib


VM Arguments:
jvm_args: -agentlib:jdwp=transport=dt_socket,address=127.0.0.1:50020,suspend=y,server=n -ea -Didea.test.cyclic.buffer.size=1048576 -javaagent:/Users/reneedevilliers/Library/Caches/JetBrains/IdeaIC2020.3/captureAgent/debugger-agent.jar -Dfile.encoding=UTF-8 
java_command: com.intellij.rt.junit.JUnitStarter -ideVersion5 -junit4 CardTest,cardHasRank
java_class_path (initial): /Applications/IntelliJ IDEA CE.app/Contents/lib/idea_rt.jar:/Applications/IntelliJ IDEA CE.app/Contents/plugins/junit/lib/junit5-rt.jar:/Applications/IntelliJ IDEA CE.app/Contents/plugins/junit/lib/junit-rt.jar:/Users/reneedevilliers/Desktop/Codeclan_work/local_classnotes/week_11/CardGame/target/test-classes:/Users/reneedevilliers/Desktop/Codeclan_work/local_classnotes/week_11/CardGame/target/classes:/Users/reneedevilliers/.m2/repository/junit/junit/4.13.2/junit-4.13.2.jar:/Users/reneedevilliers/.m2/repository/org/hamcrest/hamcrest-core/1.3/hamcrest-core-1.3.jar
Launcher Type: SUN_STANDARD

[Global flags]
     intx CICompilerCount                          = 4                                         {product} {ergonomic}
     uint ConcGCThreads                            = 2                                         {product} {ergonomic}
     uint G1ConcRefinementThreads                  = 8                                         {product} {ergonomic}
   size_t G1HeapRegionSize                         = 1048576                                   {product} {ergonomic}
    uintx GCDrainStackTargetSize                   = 64                                        {product} {ergonomic}
   size_t InitialHeapSize                          = 134217728                                 {product} {ergonomic}
   size_t MarkStackSize                            = 4194304                                   {product} {ergonomic}
   size_t MaxHeapSize                              = 2147483648                                {product} {ergonomic}
   size_t MaxNewSize                               = 1287651328                                {product} {ergonomic}
   size_t MinHeapDeltaBytes                        = 1048576                                   {product} {ergonomic}
    uintx NonNMethodCodeHeapSize                   = 5836300                                {pd product} {ergonomic}
    uintx NonProfiledCodeHeapSize                  = 122910970                              {pd product} {ergonomic}
    uintx ProfiledCodeHeapSize                     = 122910970                              {pd product} {ergonomic}
    uintx ReservedCodeCacheSize                    = 251658240                              {pd product} {ergonomic}
     bool SegmentedCodeCache                       = true                                      {product} {ergonomic}
     bool UseCompressedClassPointers               = true                                 {lp64_product} {ergonomic}
     bool UseCompressedOops                        = true                                 {lp64_product} {ergonomic}
     bool UseG1GC                                  = true                                      {product} {ergonomic}

Logging:
Log output configuration:
 #0: stdout all=warning uptime,level,tags
 #1: stderr all=off uptime,level,tags

Environment Variables:
PATH=/Users/reneedevilliers/.bin:/Users/reneedevilliers/.rbenv/shims:/usr/local/bin:/usr/bin:/bin:/usr/sbin:/sbin:/Applications/VMware Fusion.app/Contents/Public:/Library/Apple/usr/bin:/Applications/Visual Studio Code.app/Contents/Resources/app/bin:/Applications/Visual Studio Code.app/Contents/Resources/app/bin:/Applications/Visual Studio Code.app/Contents/Resources/app/bin:/Applications/Visual Studio Code.app/Contents/Resources/app/bin:/Applications/Visual Studio Code.app/Contents/Resources/app/bin
SHELL=/bin/zsh
LC_CTYPE=en_GB.UTF-8

Signal Handlers:
SIGSEGV: [libjvm.dylib+0x7b893a], sa_mask[0]=11111111111111111111111111111111, sa_flags=SA_ONSTACK|SA_RESTART|SA_SIGINFO
SIGBUS: [libjvm.dylib+0x7b893a], sa_mask[0]=11111111111111111111111111111111, sa_flags=SA_RESTART|SA_SIGINFO
SIGFPE: [libjvm.dylib+0x7b893a], sa_mask[0]=11111111111111111111111111111111, sa_flags=SA_RESTART|SA_SIGINFO
SIGPIPE: [libjvm.dylib+0x61e7db], sa_mask[0]=11111111111111111111111111111111, sa_flags=SA_RESTART|SA_SIGINFO
SIGXFSZ: [libjvm.dylib+0x61e7db], sa_mask[0]=11111111111111111111111111111111, sa_flags=SA_RESTART|SA_SIGINFO
SIGILL: [libjvm.dylib+0x7b893a], sa_mask[0]=11111111111111111111111111111111, sa_flags=SA_RESTART|SA_SIGINFO
SIGUSR2: [libjvm.dylib+0x61edc3], sa_mask[0]=00100000000000000000000000000000, sa_flags=SA_RESTART|SA_SIGINFO
SIGHUP: [libjvm.dylib+0x61d909], sa_mask[0]=11111111111111111111111111111111, sa_flags=SA_RESTART|SA_SIGINFO
SIGINT: [libjvm.dylib+0x61d909], sa_mask[0]=11111111111111111111111111111111, sa_flags=SA_RESTART|SA_SIGINFO
SIGTERM: [libjvm.dylib+0x61d909], sa_mask[0]=11111111111111111111111111111111, sa_flags=SA_RESTART|SA_SIGINFO
SIGQUIT: [libjvm.dylib+0x61d909], sa_mask[0]=11111111111111111111111111111111, sa_flags=SA_RESTART|SA_SIGINFO


---------------  S Y S T E M  ---------------

OS:uname:Darwin 20.3.0 Darwin Kernel Version 20.3.0: Thu Jan 21 00:06:51 PST 2021; root:xnu-7195.81.3~1/RELEASE_ARM64_T8101 x86_64
OS uptime: 0 days 1:00 hours
rlimit (soft/hard): STACK 8176k/65520k , CORE 0k/infinity , NPROC 1333/2000 , NOFILE 10240/infinity , AS infinity/infinity , CPU infinity/infinity , DATA infinity/infinity , FSIZE infinity/infinity , MEMLOCK infinity/infinity , RSS infinity/infinity
load average:1.44 1.58 1.57

CPU:total 8 (initial active 8) (1 cores per cpu, 1 threads per core) family 6 model 44 stepping 0 microcode 0x0, cmov, cx8, fxsr, mmx, sse, sse2, sse3, ssse3, sse4.1, sse4.2, popcnt, aes, clmul, tsc, tscinvbit, tscinv

Memory: 4k page, physical 8388608k(60260k free), swap 2097152k(1324800k free)

vm_info: OpenJDK 64-Bit Server VM (11.0.10+9) for bsd-amd64 JRE (11.0.10+9), built on Jan 20 2021 11:55:30 by "jenkins" with gcc 4.2.1 Compatible Apple LLVM 10.0.1 (clang-1001.0.46.4)

END.
